Build started 18.11.2013 15:17:08.
     1>Project "F:\T3DRIS\UUSI\UUSI.vcxproj" on node 2 (Build target(s)).
     1>ClCompile:
         D:\Program Files (x86)\Microsoft Visual Studio 11.0\VC\bin\CL.exe /c /IF:\T3DRIS\include /I"C:\Program Files (x86)\ImageMagick-6.8.7-Q16\include" /ZI /nologo /W3 /WX- /sdl /Od /Oy- /D WIN32 /D _DEBUG /D _CONSOLE /D _UNICODE /D UNICODE /Gm /EHsc /RTC1 /MDd /GS /fp:precise /Zc:wchar_t /Zc:forScope /Fo"Debug\\" /Fd"Debug\vc110.pdb" /Gd /TP /analyze- /errorReport:prompt draw.cpp main.cpp
         main.cpp
     1>f:\t3dris\uusi\draw.h(64): warning C4244: '=' : conversion from 'double' to 'float', possible loss of data
     1>f:\t3dris\uusi\draw.h(65): warning C4244: '=' : conversion from 'double' to 'float', possible loss of data
     1>f:\t3dris\uusi\draw.h(66): warning C4244: '=' : conversion from 'double' to 'float', possible loss of data
     1>f:\t3dris\uusi\draw.h(268): warning C4305: '=' : truncation from 'double' to 'float'
     1>f:\t3dris\uusi\main.cpp(411): warning C4244: 'argument' : conversion from 'double' to 'unsigned int', possible loss of data
         draw.cpp
     1>f:\t3dris\uusi\draw.h(64): warning C4244: '=' : conversion from 'double' to 'float', possible loss of data
     1>f:\t3dris\uusi\draw.h(65): warning C4244: '=' : conversion from 'double' to 'float', possible loss of data
     1>f:\t3dris\uusi\draw.h(66): warning C4244: '=' : conversion from 'double' to 'float', possible loss of data
     1>f:\t3dris\uusi\draw.h(268): warning C4305: '=' : truncation from 'double' to 'float'
         Generating Code...
       Link:
         D:\Program Files (x86)\Microsoft Visual Studio 11.0\VC\bin\link.exe /ERRORREPORT:PROMPT /OUT:"F:\T3DRIS\Debug\UUSI.exe" /INCREMENTAL /NOLOGO freeglut.lib kernel32.lib user32.lib gdi32.lib winspool.lib comdlg32.lib advapi32.lib shell32.lib ole32.lib oleaut32.lib uuid.lib odbc32.lib odbccp32.lib kernel32.lib user32.lib gdi32.lib winspool.lib comdlg32.lib advapi32.lib shell32.lib ole32.lib oleaut32.lib uuid.lib odbc32.lib odbccp32.lib /MANIFEST /MANIFESTUAC:"level='asInvoker' uiAccess='false'" /manifest:embed /DEBUG /PDB:"F:\T3DRIS\Debug\UUSI.pdb" /SUBSYSTEM:CONSOLE /TLBID:1 /DYNAMICBASE /NXCOMPAT /IMPLIB:"F:\T3DRIS\Debug\UUSI.lib" /MACHINE:X86 Debug\draw.obj
         Debug\main.obj
         UUSI.vcxproj -> F:\T3DRIS\Debug\UUSI.exe
     1>Done Building Project "F:\T3DRIS\UUSI\UUSI.vcxproj" (Build target(s)).

Build succeeded.

Time Elapsed 00:00:50.73
