C:\USERS\TSAP\DOCUMENTS\VISUAL STUDIO 2012\PROJECTS\UUSI\UUSI\DEBUG\DRAW.OBJ
C:\USERS\TSAP\DOCUMENTS\VISUAL STUDIO 2012\PROJECTS\UUSI\UUSI\DEBUG\VC110.PDB
C:\USERS\TSAP\DOCUMENTS\VISUAL STUDIO 2012\PROJECTS\UUSI\UUSI\DEBUG\TEXTURE.OBJ
C:\USERS\TSAP\DOCUMENTS\VISUAL STUDIO 2012\PROJECTS\UUSI\UUSI\DEBUG\MATH3D.OBJ
C:\USERS\TSAP\DOCUMENTS\VISUAL STUDIO 2012\PROJECTS\UUSI\UUSI\DEBUG\PIPELINE.OBJ
C:\USERS\TSAP\DOCUMENTS\VISUAL STUDIO 2012\PROJECTS\UUSI\UUSI\DEBUG\OBJECT.OBJ
C:\USERS\TSAP\DOCUMENTS\VISUAL STUDIO 2012\PROJECTS\UUSI\DEBUG\UUSI.ILK
C:\USERS\TSAP\DOCUMENTS\VISUAL STUDIO 2012\PROJECTS\UUSI\DEBUG\UUSI.EXE
C:\USERS\TSAP\DOCUMENTS\VISUAL STUDIO 2012\PROJECTS\UUSI\DEBUG\UUSI.PDB
c:\Users\Tsap\documents\visual studio 2012\Projects\UUSI\UUSI\Debug\draw.obj
c:\Users\Tsap\documents\visual studio 2012\Projects\UUSI\UUSI\Debug\math3d.obj
c:\Users\Tsap\documents\visual studio 2012\Projects\UUSI\UUSI\Debug\pipeline.obj
c:\Users\Tsap\documents\visual studio 2012\Projects\UUSI\UUSI\Debug\texture.obj
c:\Users\Tsap\documents\visual studio 2012\Projects\UUSI\UUSI\Debug\cl.command.1.tlog
c:\Users\Tsap\documents\visual studio 2012\Projects\UUSI\UUSI\Debug\CL.read.1.tlog
c:\Users\Tsap\documents\visual studio 2012\Projects\UUSI\UUSI\Debug\CL.write.1.tlog
c:\Users\Tsap\documents\visual studio 2012\Projects\UUSI\UUSI\Debug\link-cvtres.read.1.tlog
c:\Users\Tsap\documents\visual studio 2012\Projects\UUSI\UUSI\Debug\link-cvtres.write.1.tlog
c:\Users\Tsap\documents\visual studio 2012\Projects\UUSI\UUSI\Debug\link-rc.read.1.tlog
c:\Users\Tsap\documents\visual studio 2012\Projects\UUSI\UUSI\Debug\link-rc.write.1.tlog
c:\Users\Tsap\documents\visual studio 2012\Projects\UUSI\UUSI\Debug\link.4596-cvtres.read.1.tlog
c:\Users\Tsap\documents\visual studio 2012\Projects\UUSI\UUSI\Debug\link.4596-cvtres.write.1.tlog
c:\Users\Tsap\documents\visual studio 2012\Projects\UUSI\UUSI\Debug\link.4596-rc.read.1.tlog
c:\Users\Tsap\documents\visual studio 2012\Projects\UUSI\UUSI\Debug\link.4596-rc.write.1.tlog
c:\Users\Tsap\documents\visual studio 2012\Projects\UUSI\UUSI\Debug\link.4596.read.1.tlog
c:\Users\Tsap\documents\visual studio 2012\Projects\UUSI\UUSI\Debug\link.4596.write.1.tlog
c:\Users\Tsap\documents\visual studio 2012\Projects\UUSI\UUSI\Debug\link.736-cvtres.read.1.tlog
c:\Users\Tsap\documents\visual studio 2012\Projects\UUSI\UUSI\Debug\link.736-cvtres.write.1.tlog
c:\Users\Tsap\documents\visual studio 2012\Projects\UUSI\UUSI\Debug\link.736-rc.read.1.tlog
c:\Users\Tsap\documents\visual studio 2012\Projects\UUSI\UUSI\Debug\link.736-rc.write.1.tlog
c:\Users\Tsap\documents\visual studio 2012\Projects\UUSI\UUSI\Debug\link.736.read.1.tlog
c:\Users\Tsap\documents\visual studio 2012\Projects\UUSI\UUSI\Debug\link.736.write.1.tlog
c:\Users\Tsap\documents\visual studio 2012\Projects\UUSI\UUSI\Debug\link.7676-cvtres.read.1.tlog
c:\Users\Tsap\documents\visual studio 2012\Projects\UUSI\UUSI\Debug\link.7676-cvtres.write.1.tlog
c:\Users\Tsap\documents\visual studio 2012\Projects\UUSI\UUSI\Debug\link.7676-rc.read.1.tlog
c:\Users\Tsap\documents\visual studio 2012\Projects\UUSI\UUSI\Debug\link.7676-rc.write.1.tlog
c:\Users\Tsap\documents\visual studio 2012\Projects\UUSI\UUSI\Debug\link.7676.read.1.tlog
c:\Users\Tsap\documents\visual studio 2012\Projects\UUSI\UUSI\Debug\link.7676.write.1.tlog
c:\Users\Tsap\documents\visual studio 2012\Projects\UUSI\UUSI\Debug\link.8056-cvtres.read.1.tlog
c:\Users\Tsap\documents\visual studio 2012\Projects\UUSI\UUSI\Debug\link.8056-cvtres.write.1.tlog
c:\Users\Tsap\documents\visual studio 2012\Projects\UUSI\UUSI\Debug\link.8056-rc.read.1.tlog
c:\Users\Tsap\documents\visual studio 2012\Projects\UUSI\UUSI\Debug\link.8056-rc.write.1.tlog
c:\Users\Tsap\documents\visual studio 2012\Projects\UUSI\UUSI\Debug\link.8056.read.1.tlog
c:\Users\Tsap\documents\visual studio 2012\Projects\UUSI\UUSI\Debug\link.8056.write.1.tlog
c:\Users\Tsap\documents\visual studio 2012\Projects\UUSI\UUSI\Debug\link.command.1.tlog
c:\Users\Tsap\documents\visual studio 2012\Projects\UUSI\UUSI\Debug\link.read.1.tlog
c:\Users\Tsap\documents\visual studio 2012\Projects\UUSI\UUSI\Debug\link.write.1.tlog
c:\Users\Tsap\documents\visual studio 2012\Projects\UUSI\UUSI\Debug\vc110.idb
c:\Users\Tsap\documents\visual studio 2012\Projects\UUSI\UUSI\Debug\vc110.pdb
c:\users\tsap\documents\visual studio 2012\Projects\UUSI\Debug\UUSI.pdb
c:\users\tsap\documents\visual studio 2012\Projects\UUSI\Debug\UUSI.exe
c:\users\tsap\documents\visual studio 2012\Projects\UUSI\Debug\UUSI.ilk
