Build started 11.11.2013 15:42:29.
     1>Project "D:\Users\edu100\Documents\GitHub\T3DRIS\Project1\Project1.vcxproj" on node 2 (Build target(s)).
     1>ClCompile:
         D:\Program Files (x86)\Microsoft Visual Studio 11.0\VC\bin\CL.exe /c /I"D:\Program Files (x86)\ImageMagick-6.8.7-Q16\include" /ZI /nologo /W3 /WX- /Od /Oy- /D _MBCS /Gm /EHsc /RTC1 /MD /GS /fp:precise /Zc:wchar_t /Zc:forScope /Fo"Debug\\" /Fd"Debug\vc110.pdb" /Gd /TP /showIncludes /analyze- /errorReport:prompt KinectControl.cpp
         KinectControl.cpp
         Note: including file: d:\users\edu100\documents\github\t3dris\project1\KinectControl.h
         Note: including file:  D:\Program Files (x86)\Windows Kits\8.0\Include\um\windows.h
         Note: including file:   D:\Program Files (x86)\Windows Kits\8.0\Include\shared\winapifamily.h
         Note: including file:   D:\Program Files (x86)\Windows Kits\8.0\Include\shared\sdkddkver.h
         Note: including file:   D:\Program Files (x86)\Microsoft Visual Studio 11.0\VC\include\excpt.h
         Note: including file:    D:\Program Files (x86)\Microsoft Visual Studio 11.0\VC\include\crtdefs.h
         Note: including file:     D:\Program Files (x86)\Microsoft Visual Studio 11.0\VC\include\sal.h
         Note: including file:      D:\Program Files (x86)\Microsoft Visual Studio 11.0\VC\include\ConcurrencySal.h
         Note: including file:     D:\Program Files (x86)\Microsoft Visual Studio 11.0\VC\include\vadefs.h
         Note: including file:   D:\Program Files (x86)\Microsoft Visual Studio 11.0\VC\include\stdarg.h
         Note: including file:   D:\Program Files (x86)\Windows Kits\8.0\Include\shared\windef.h
         Note: including file:    D:\Program Files (x86)\Windows Kits\8.0\Include\shared\minwindef.h
         Note: including file:     D:\Program Files (x86)\Windows Kits\8.0\Include\shared\specstrings.h
         Note: including file:      D:\Program Files (x86)\Windows Kits\8.0\Include\shared\specstrings_strict.h
         Note: including file:       D:\Program Files (x86)\Windows Kits\8.0\Include\shared\specstrings_undef.h
         Note: including file:      D:\Program Files (x86)\Windows Kits\8.0\Include\shared\driverspecs.h
         Note: including file:       d:\program files (x86)\windows kits\8.0\include\shared\sdv_driverspecs.h
         Note: including file:     D:\Program Files (x86)\Windows Kits\8.0\Include\um\winnt.h
         Note: including file:      D:\Program Files (x86)\Microsoft Visual Studio 11.0\VC\include\ctype.h
         Note: including file:       D:\Program Files (x86)\Microsoft Visual Studio 11.0\VC\include\crtdefs.h
         Note: including file:      D:\Program Files (x86)\Windows Kits\8.0\Include\shared\kernelspecs.h
         Note: including file:      D:\Program Files (x86)\Windows Kits\8.0\Include\shared\basetsd.h
         Note: including file:      D:\Program Files (x86)\Windows Kits\8.0\Include\shared\guiddef.h
         Note: including file:       D:\Program Files (x86)\Microsoft Visual Studio 11.0\VC\include\string.h
         Note: including file:        D:\Program Files (x86)\Microsoft Visual Studio 11.0\VC\include\crtdefs.h
         Note: including file:      d:\program files (x86)\windows kits\8.0\include\shared\pshpack4.h
         Note: including file:      d:\program files (x86)\windows kits\8.0\include\shared\poppack.h
         Note: including file:      d:\program files (x86)\windows kits\8.0\include\shared\pshpack4.h
         Note: including file:      d:\program files (x86)\windows kits\8.0\include\shared\poppack.h
         Note: including file:      D:\Program Files (x86)\Windows Kits\8.0\Include\shared\pshpack4.h
         Note: including file:      D:\Program Files (x86)\Windows Kits\8.0\Include\shared\poppack.h
         Note: including file:      d:\program files (x86)\windows kits\8.0\include\shared\pshpack4.h
         Note: including file:      d:\program files (x86)\windows kits\8.0\include\shared\pshpack2.h
         Note: including file:      d:\program files (x86)\windows kits\8.0\include\shared\poppack.h
         Note: including file:      d:\program files (x86)\windows kits\8.0\include\shared\pshpack2.h
         Note: including file:      D:\Program Files (x86)\Windows Kits\8.0\Include\shared\pshpack2.h
         Note: including file:      D:\Program Files (x86)\Windows Kits\8.0\Include\shared\poppack.h
         Note: including file:      d:\program files (x86)\windows kits\8.0\include\shared\poppack.h
         Note: including file:      d:\program files (x86)\windows kits\8.0\include\shared\pshpack8.h
         Note: including file:      d:\program files (x86)\windows kits\8.0\include\shared\poppack.h
         Note: including file:      d:\program files (x86)\windows kits\8.0\include\shared\poppack.h
         Note: including file:      D:\Program Files (x86)\Windows Kits\8.0\Include\shared\apiset.h
         Note: including file:      D:\Program Files (x86)\Windows Kits\8.0\Include\shared\ktmtypes.h
         Note: including file:    D:\Program Files (x86)\Windows Kits\8.0\Include\um\winnt.h
         Note: including file:   D:\Program Files (x86)\Windows Kits\8.0\Include\um\winbase.h
         Note: including file:    D:\Program Files (x86)\Windows Kits\8.0\Include\shared\apisetcconv.h
         Note: including file:    D:\Program Files (x86)\Windows Kits\8.0\Include\um\minwinbase.h
         Note: including file:    D:\Program Files (x86)\Windows Kits\8.0\Include\um\processenv.h
         Note: including file:     D:\Program Files (x86)\Windows Kits\8.0\Include\shared\apiset.h
         Note: including file:     D:\Program Files (x86)\Windows Kits\8.0\Include\shared\apisetcconv.h
         Note: including file:    D:\Program Files (x86)\Windows Kits\8.0\Include\um\fileapi.h
         Note: including file:     D:\Program Files (x86)\Windows Kits\8.0\Include\shared\apiset.h
         Note: including file:     D:\Program Files (x86)\Windows Kits\8.0\Include\shared\apisetcconv.h
         Note: including file:    D:\Program Files (x86)\Windows Kits\8.0\Include\um\debugapi.h
         Note: including file:     D:\Program Files (x86)\Windows Kits\8.0\Include\shared\apiset.h
         Note: including file:     D:\Program Files (x86)\Windows Kits\8.0\Include\shared\apisetcconv.h
         Note: including file:    D:\Program Files (x86)\Windows Kits\8.0\Include\um\utilapiset.h
         Note: including file:     D:\Program Files (x86)\Windows Kits\8.0\Include\shared\apiset.h
         Note: including file:     D:\Program Files (x86)\Windows Kits\8.0\Include\shared\apisetcconv.h
         Note: including file:    D:\Program Files (x86)\Windows Kits\8.0\Include\um\handleapi.h
         Note: including file:     D:\Program Files (x86)\Windows Kits\8.0\Include\shared\apiset.h
         Note: including file:     D:\Program Files (x86)\Windows Kits\8.0\Include\shared\apisetcconv.h
         Note: including file:    D:\Program Files (x86)\Windows Kits\8.0\Include\um\errhandlingapi.h
         Note: including file:     D:\Program Files (x86)\Windows Kits\8.0\Include\shared\apiset.h
         Note: including file:     D:\Program Files (x86)\Windows Kits\8.0\Include\shared\apisetcconv.h
         Note: including file:    D:\Program Files (x86)\Windows Kits\8.0\Include\um\fibersapi.h
         Note: including file:     D:\Program Files (x86)\Windows Kits\8.0\Include\shared\apiset.h
         Note: including file:     D:\Program Files (x86)\Windows Kits\8.0\Include\shared\apisetcconv.h
         Note: including file:    D:\Program Files (x86)\Windows Kits\8.0\Include\um\namedpipeapi.h
         Note: including file:     D:\Program Files (x86)\Windows Kits\8.0\Include\shared\apiset.h
         Note: including file:     D:\Program Files (x86)\Windows Kits\8.0\Include\shared\apisetcconv.h
         Note: including file:    D:\Program Files (x86)\Windows Kits\8.0\Include\um\profileapi.h
         Note: including file:     D:\Program Files (x86)\Windows Kits\8.0\Include\shared\apiset.h
         Note: including file:     D:\Program Files (x86)\Windows Kits\8.0\Include\shared\apisetcconv.h
         Note: including file:    D:\Program Files (x86)\Windows Kits\8.0\Include\um\heapapi.h
         Note: including file:     D:\Program Files (x86)\Windows Kits\8.0\Include\shared\apiset.h
         Note: including file:     D:\Program Files (x86)\Windows Kits\8.0\Include\shared\apisetcconv.h
         Note: including file:    D:\Program Files (x86)\Windows Kits\8.0\Include\um\ioapiset.h
         Note: including file:     D:\Program Files (x86)\Windows Kits\8.0\Include\shared\apiset.h
         Note: including file:     D:\Program Files (x86)\Windows Kits\8.0\Include\shared\apisetcconv.h
         Note: including file:    D:\Program Files (x86)\Windows Kits\8.0\Include\um\synchapi.h
         Note: including file:     D:\Program Files (x86)\Windows Kits\8.0\Include\shared\apiset.h
         Note: including file:     D:\Program Files (x86)\Windows Kits\8.0\Include\shared\apisetcconv.h
         Note: including file:    D:\Program Files (x86)\Windows Kits\8.0\Include\um\interlockedapi.h
         Note: including file:     D:\Program Files (x86)\Windows Kits\8.0\Include\shared\apiset.h
         Note: including file:     D:\Program Files (x86)\Windows Kits\8.0\Include\shared\apisetcconv.h
         Note: including file:    D:\Program Files (x86)\Windows Kits\8.0\Include\um\processthreadsapi.h
         Note: including file:     D:\Program Files (x86)\Windows Kits\8.0\Include\shared\apiset.h
         Note: including file:     D:\Program Files (x86)\Windows Kits\8.0\Include\shared\apisetcconv.h
         Note: including file:    D:\Program Files (x86)\Windows Kits\8.0\Include\um\sysinfoapi.h
         Note: including file:     D:\Program Files (x86)\Windows Kits\8.0\Include\shared\apiset.h
         Note: including file:     D:\Program Files (x86)\Windows Kits\8.0\Include\shared\apisetcconv.h
         Note: including file:    D:\Program Files (x86)\Windows Kits\8.0\Include\um\memoryapi.h
         Note: including file:     D:\Program Files (x86)\Windows Kits\8.0\Include\shared\apiset.h
         Note: including file:     D:\Program Files (x86)\Windows Kits\8.0\Include\shared\apisetcconv.h
         Note: including file:    D:\Program Files (x86)\Windows Kits\8.0\Include\um\threadpoollegacyapiset.h
         Note: including file:     D:\Program Files (x86)\Windows Kits\8.0\Include\shared\apiset.h
         Note: including file:     D:\Program Files (x86)\Windows Kits\8.0\Include\shared\apisetcconv.h
         Note: including file:    D:\Program Files (x86)\Windows Kits\8.0\Include\um\threadpoolapiset.h
         Note: including file:     D:\Program Files (x86)\Windows Kits\8.0\Include\shared\apiset.h
         Note: including file:     D:\Program Files (x86)\Windows Kits\8.0\Include\shared\apisetcconv.h
         Note: including file:    D:\Program Files (x86)\Windows Kits\8.0\Include\um\bemapiset.h
         Note: including file:     D:\Program Files (x86)\Windows Kits\8.0\Include\shared\apiset.h
         Note: including file:     D:\Program Files (x86)\Windows Kits\8.0\Include\shared\apisetcconv.h
         Note: including file:    D:\Program Files (x86)\Windows Kits\8.0\Include\um\jobapi.h
         Note: including file:     D:\Program Files (x86)\Windows Kits\8.0\Include\shared\apiset.h
         Note: including file:     D:\Program Files (x86)\Windows Kits\8.0\Include\shared\apisetcconv.h
         Note: including file:    D:\Program Files (x86)\Windows Kits\8.0\Include\um\wow64apiset.h
         Note: including file:     D:\Program Files (x86)\Windows Kits\8.0\Include\shared\apiset.h
         Note: including file:     D:\Program Files (x86)\Windows Kits\8.0\Include\shared\apisetcconv.h
         Note: including file:    D:\Program Files (x86)\Windows Kits\8.0\Include\um\libloaderapi.h
         Note: including file:     D:\Program Files (x86)\Windows Kits\8.0\Include\shared\apiset.h
         Note: including file:     D:\Program Files (x86)\Windows Kits\8.0\Include\shared\apisetcconv.h
         Note: including file:    D:\Program Files (x86)\Windows Kits\8.0\Include\um\securitybaseapi.h
         Note: including file:     D:\Program Files (x86)\Windows Kits\8.0\Include\shared\apiset.h
         Note: including file:     D:\Program Files (x86)\Windows Kits\8.0\Include\shared\apisetcconv.h
         Note: including file:    D:\Program Files (x86)\Windows Kits\8.0\Include\um\namespaceapi.h
         Note: including file:     D:\Program Files (x86)\Windows Kits\8.0\Include\shared\apiset.h
         Note: including file:     D:\Program Files (x86)\Windows Kits\8.0\Include\shared\apisetcconv.h
         Note: including file:    D:\Program Files (x86)\Windows Kits\8.0\Include\um\systemtopologyapi.h
         Note: including file:     D:\Program Files (x86)\Windows Kits\8.0\Include\shared\apiset.h
         Note: including file:     D:\Program Files (x86)\Windows Kits\8.0\Include\shared\apisetcconv.h
         Note: including file:    D:\Program Files (x86)\Windows Kits\8.0\Include\um\processtopologyapi.h
         Note: including file:     D:\Program Files (x86)\Windows Kits\8.0\Include\shared\apiset.h
         Note: including file:     D:\Program Files (x86)\Windows Kits\8.0\Include\shared\apisetcconv.h
         Note: including file:    D:\Program Files (x86)\Windows Kits\8.0\Include\um\securityappcontainer.h
         Note: including file:     D:\Program Files (x86)\Windows Kits\8.0\Include\shared\apiset.h
         Note: including file:     D:\Program Files (x86)\Windows Kits\8.0\Include\shared\apisetcconv.h
         Note: including file:    D:\Program Files (x86)\Windows Kits\8.0\Include\um\realtimeapiset.h
         Note: including file:     D:\Program Files (x86)\Windows Kits\8.0\Include\shared\apiset.h
         Note: including file:     D:\Program Files (x86)\Windows Kits\8.0\Include\shared\apisetcconv.h
         Note: including file:    D:\Program Files (x86)\Windows Kits\8.0\Include\shared\winerror.h
         Note: including file:    D:\Program Files (x86)\Windows Kits\8.0\Include\um\timezoneapi.h
         Note: including file:     D:\Program Files (x86)\Windows Kits\8.0\Include\shared\apiset.h
         Note: including file:     D:\Program Files (x86)\Windows Kits\8.0\Include\shared\apisetcconv.h
         Note: including file:   D:\Program Files (x86)\Windows Kits\8.0\Include\um\wingdi.h
         Note: including file:    D:\Program Files (x86)\Windows Kits\8.0\Include\shared\pshpack1.h
         Note: including file:    D:\Program Files (x86)\Windows Kits\8.0\Include\shared\poppack.h
         Note: including file:    D:\Program Files (x86)\Windows Kits\8.0\Include\shared\pshpack2.h
         Note: including file:    D:\Program Files (x86)\Windows Kits\8.0\Include\shared\poppack.h
         Note: including file:    D:\Program Files (x86)\Windows Kits\8.0\Include\shared\pshpack2.h
         Note: including file:    D:\Program Files (x86)\Windows Kits\8.0\Include\shared\poppack.h
         Note: including file:    D:\Program Files (x86)\Windows Kits\8.0\Include\shared\pshpack4.h
         Note: including file:    D:\Program Files (x86)\Windows Kits\8.0\Include\shared\poppack.h
         Note: including file:    D:\Program Files (x86)\Windows Kits\8.0\Include\shared\pshpack4.h
         Note: including file:    D:\Program Files (x86)\Windows Kits\8.0\Include\shared\poppack.h
         Note: including file:   D:\Program Files (x86)\Windows Kits\8.0\Include\um\winuser.h
         Note: including file:    D:\Program Files (x86)\Windows Kits\8.0\Include\shared\pshpack2.h
         Note: including file:    D:\Program Files (x86)\Windows Kits\8.0\Include\shared\poppack.h
         Note: including file:    D:\Program Files (x86)\Windows Kits\8.0\Include\shared\tvout.h
         Note: including file:   D:\Program Files (x86)\Windows Kits\8.0\Include\um\winnls.h
         Note: including file:    D:\Program Files (x86)\Windows Kits\8.0\Include\um\datetimeapi.h
         Note: including file:     D:\Program Files (x86)\Windows Kits\8.0\Include\shared\apiset.h
         Note: including file:     D:\Program Files (x86)\Windows Kits\8.0\Include\shared\apisetcconv.h
         Note: including file:    D:\Program Files (x86)\Windows Kits\8.0\Include\um\stringapiset.h
         Note: including file:     D:\Program Files (x86)\Windows Kits\8.0\Include\shared\apiset.h
         Note: including file:     D:\Program Files (x86)\Windows Kits\8.0\Include\shared\apisetcconv.h
         Note: including file:     D:\Program Files (x86)\Windows Kits\8.0\Include\um\winnls.h
         Note: including file:   D:\Program Files (x86)\Windows Kits\8.0\Include\um\wincon.h
         Note: including file:    D:\Program Files (x86)\Windows Kits\8.0\Include\um\consoleapi.h
         Note: including file:     D:\Program Files (x86)\Windows Kits\8.0\Include\shared\apiset.h
         Note: including file:     D:\Program Files (x86)\Windows Kits\8.0\Include\shared\apisetcconv.h
         Note: including file:   D:\Program Files (x86)\Windows Kits\8.0\Include\um\winver.h
         Note: including file:    D:\Program Files (x86)\Windows Kits\8.0\Include\um\verrsrc.h
         Note: including file:   D:\Program Files (x86)\Windows Kits\8.0\Include\um\winreg.h
         Note: including file:    D:\Program Files (x86)\Windows Kits\8.0\Include\shared\apiset.h
         Note: including file:    D:\Program Files (x86)\Windows Kits\8.0\Include\shared\apisetcconv.h
         Note: including file:    D:\Program Files (x86)\Windows Kits\8.0\Include\um\reason.h
         Note: including file:   D:\Program Files (x86)\Windows Kits\8.0\Include\um\winnetwk.h
         Note: including file:    D:\Program Files (x86)\Windows Kits\8.0\Include\shared\wnnc.h
         Note: including file:   D:\Program Files (x86)\Windows Kits\8.0\Include\shared\cderr.h
         Note: including file:   D:\Program Files (x86)\Windows Kits\8.0\Include\um\dde.h
         Note: including file:   D:\Program Files (x86)\Windows Kits\8.0\Include\um\ddeml.h
         Note: including file:   D:\Program Files (x86)\Windows Kits\8.0\Include\um\dlgs.h
         Note: including file:   D:\Program Files (x86)\Windows Kits\8.0\Include\um\lzexpand.h
         Note: including file:   D:\Program Files (x86)\Windows Kits\8.0\Include\um\mmsystem.h
         Note: including file:    D:\Program Files (x86)\Windows Kits\8.0\Include\um\mmsyscom.h
         Note: including file:     D:\Program Files (x86)\Windows Kits\8.0\Include\shared\pshpack1.h
         Note: including file:     D:\Program Files (x86)\Windows Kits\8.0\Include\shared\poppack.h
         Note: including file:    D:\Program Files (x86)\Windows Kits\8.0\Include\shared\pshpack1.h
         Note: including file:    D:\Program Files (x86)\Windows Kits\8.0\Include\um\mciapi.h
         Note: including file:     D:\Program Files (x86)\Windows Kits\8.0\Include\shared\apiset.h
         Note: including file:     D:\Program Files (x86)\Windows Kits\8.0\Include\shared\apisetcconv.h
         Note: including file:     D:\Program Files (x86)\Windows Kits\8.0\Include\um\mmsyscom.h
         Note: including file:    D:\Program Files (x86)\Windows Kits\8.0\Include\um\mmiscapi.h
         Note: including file:     D:\Program Files (x86)\Windows Kits\8.0\Include\shared\apiset.h
         Note: including file:     D:\Program Files (x86)\Windows Kits\8.0\Include\shared\apisetcconv.h
         Note: including file:     D:\Program Files (x86)\Windows Kits\8.0\Include\um\mmsyscom.h
         Note: including file:    D:\Program Files (x86)\Windows Kits\8.0\Include\um\mmiscapi2.h
         Note: including file:     D:\Program Files (x86)\Windows Kits\8.0\Include\shared\apiset.h
         Note: including file:     D:\Program Files (x86)\Windows Kits\8.0\Include\shared\apisetcconv.h
         Note: including file:     D:\Program Files (x86)\Windows Kits\8.0\Include\um\mmsyscom.h
         Note: including file:    D:\Program Files (x86)\Windows Kits\8.0\Include\um\playsoundapi.h
         Note: including file:     D:\Program Files (x86)\Windows Kits\8.0\Include\shared\apiset.h
         Note: including file:     D:\Program Files (x86)\Windows Kits\8.0\Include\shared\apisetcconv.h
         Note: including file:     D:\Program Files (x86)\Windows Kits\8.0\Include\um\mmsyscom.h
         Note: including file:    D:\Program Files (x86)\Windows Kits\8.0\Include\um\mmeapi.h
         Note: including file:     D:\Program Files (x86)\Windows Kits\8.0\Include\shared\apiset.h
         Note: including file:     D:\Program Files (x86)\Windows Kits\8.0\Include\shared\apisetcconv.h
         Note: including file:     D:\Program Files (x86)\Windows Kits\8.0\Include\um\mmsyscom.h
         Note: including file:    D:\Program Files (x86)\Windows Kits\8.0\Include\um\timeapi.h
         Note: including file:     D:\Program Files (x86)\Windows Kits\8.0\Include\shared\apiset.h
         Note: including file:     D:\Program Files (x86)\Windows Kits\8.0\Include\shared\apisetcconv.h
         Note: including file:     D:\Program Files (x86)\Windows Kits\8.0\Include\um\mmsyscom.h
         Note: including file:    D:\Program Files (x86)\Windows Kits\8.0\Include\um\joystickapi.h
         Note: including file:     D:\Program Files (x86)\Windows Kits\8.0\Include\shared\apiset.h
         Note: including file:     D:\Program Files (x86)\Windows Kits\8.0\Include\shared\apisetcconv.h
         Note: including file:     D:\Program Files (x86)\Windows Kits\8.0\Include\um\mmsyscom.h
         Note: including file:    D:\Program Files (x86)\Windows Kits\8.0\Include\shared\poppack.h
         Note: including file:   D:\Program Files (x86)\Windows Kits\8.0\Include\um\nb30.h
         Note: including file:   D:\Program Files (x86)\Windows Kits\8.0\Include\shared\rpc.h
         Note: including file:    D:\Program Files (x86)\Windows Kits\8.0\Include\shared\rpcdce.h
         Note: including file:     D:\Program Files (x86)\Windows Kits\8.0\Include\shared\rpcdcep.h
         Note: including file:    D:\Program Files (x86)\Windows Kits\8.0\Include\um\rpcnsi.h
         Note: including file:    D:\Program Files (x86)\Windows Kits\8.0\Include\shared\rpcnterr.h
         Note: including file:    D:\Program Files (x86)\Windows Kits\8.0\Include\shared\rpcasync.h
         Note: including file:   D:\Program Files (x86)\Windows Kits\8.0\Include\um\shellapi.h
         Note: including file:    D:\Program Files (x86)\Windows Kits\8.0\Include\shared\pshpack1.h
         Note: including file:    D:\Program Files (x86)\Windows Kits\8.0\Include\shared\poppack.h
         Note: including file:   D:\Program Files (x86)\Windows Kits\8.0\Include\um\winperf.h
         Note: including file:    D:\Program Files (x86)\Windows Kits\8.0\Include\shared\pshpack8.h
         Note: including file:    D:\Program Files (x86)\Windows Kits\8.0\Include\shared\poppack.h
         Note: including file:   D:\Program Files (x86)\Windows Kits\8.0\Include\um\winsock.h
         Note: including file:    D:\Program Files (x86)\Windows Kits\8.0\Include\shared\inaddr.h
         Note: including file:   D:\Program Files (x86)\Windows Kits\8.0\Include\um\wincrypt.h
         Note: including file:    D:\Program Files (x86)\Windows Kits\8.0\Include\shared\bcrypt.h
         Note: including file:    D:\Program Files (x86)\Windows Kits\8.0\Include\um\ncrypt.h
         Note: including file:     D:\Program Files (x86)\Windows Kits\8.0\Include\shared\bcrypt.h
         Note: including file:    D:\Program Files (x86)\Windows Kits\8.0\Include\um\dpapi.h
         Note: including file:   D:\Program Files (x86)\Windows Kits\8.0\Include\um\winefs.h
         Note: including file:   D:\Program Files (x86)\Windows Kits\8.0\Include\um\winscard.h
         Note: including file:    D:\Program Files (x86)\Windows Kits\8.0\Include\shared\wtypes.h
         Note: including file:     d:\program files (x86)\windows kits\8.0\include\shared\rpcndr.h
         Note: including file:      D:\Program Files (x86)\Windows Kits\8.0\Include\shared\pshpack8.h
         Note: including file:      D:\Program Files (x86)\Windows Kits\8.0\Include\um\rpcnsip.h
         Note: including file:      D:\Program Files (x86)\Windows Kits\8.0\Include\shared\rpcsal.h
         Note: including file:      D:\Program Files (x86)\Windows Kits\8.0\Include\shared\poppack.h
         Note: including file:     d:\program files (x86)\windows kits\8.0\include\shared\wtypesbase.h
         Note: including file:      d:\program files (x86)\windows kits\8.0\include\shared\guiddef.h
         Note: including file:    D:\Program Files (x86)\Windows Kits\8.0\Include\um\winioctl.h
         Note: including file:     D:\Program Files (x86)\Windows Kits\8.0\Include\shared\pshpack1.h
         Note: including file:     D:\Program Files (x86)\Windows Kits\8.0\Include\shared\poppack.h
         Note: including file:     D:\Program Files (x86)\Windows Kits\8.0\Include\shared\pshpack1.h
         Note: including file:     D:\Program Files (x86)\Windows Kits\8.0\Include\shared\poppack.h
         Note: including file:     D:\Program Files (x86)\Windows Kits\8.0\Include\shared\pshpack1.h
         Note: including file:     D:\Program Files (x86)\Windows Kits\8.0\Include\shared\poppack.h
         Note: including file:     D:\Program Files (x86)\Windows Kits\8.0\Include\shared\pshpack1.h
         Note: including file:     D:\Program Files (x86)\Windows Kits\8.0\Include\shared\poppack.h
         Note: including file:     D:\Program Files (x86)\Windows Kits\8.0\Include\shared\pshpack1.h
         Note: including file:     D:\Program Files (x86)\Windows Kits\8.0\Include\shared\poppack.h
         Note: including file:     D:\Program Files (x86)\Windows Kits\8.0\Include\shared\pshpack1.h
         Note: including file:     D:\Program Files (x86)\Windows Kits\8.0\Include\shared\poppack.h
         Note: including file:     D:\Program Files (x86)\Windows Kits\8.0\Include\shared\pshpack1.h
         Note: including file:     D:\Program Files (x86)\Windows Kits\8.0\Include\shared\poppack.h
         Note: including file:    D:\Program Files (x86)\Windows Kits\8.0\Include\shared\winsmcrd.h
         Note: including file:   D:\Program Files (x86)\Windows Kits\8.0\Include\um\winspool.h
         Note: including file:    D:\Program Files (x86)\Windows Kits\8.0\Include\um\prsht.h
         Note: including file:     D:\Program Files (x86)\Windows Kits\8.0\Include\shared\pshpack4.h
         Note: including file:     D:\Program Files (x86)\Windows Kits\8.0\Include\shared\poppack.h
         Note: including file:   D:\Program Files (x86)\Windows Kits\8.0\Include\um\ole2.h
         Note: including file:    D:\Program Files (x86)\Windows Kits\8.0\Include\shared\pshpack8.h
         Note: including file:    D:\Program Files (x86)\Windows Kits\8.0\Include\um\objbase.h
         Note: including file:     D:\Program Files (x86)\Windows Kits\8.0\Include\shared\pshpack8.h
         Note: including file:     D:\Program Files (x86)\Windows Kits\8.0\Include\um\combaseapi.h
         Note: including file:      D:\Program Files (x86)\Windows Kits\8.0\Include\shared\apiset.h
         Note: including file:      D:\Program Files (x86)\Windows Kits\8.0\Include\shared\apisetcconv.h
         Note: including file:      D:\Program Files (x86)\Windows Kits\8.0\Include\shared\pshpack8.h
         Note: including file:      D:\Program Files (x86)\Microsoft Visual Studio 11.0\VC\include\stdlib.h
         Note: including file:       D:\Program Files (x86)\Microsoft Visual Studio 11.0\VC\include\crtdefs.h
         Note: including file:       D:\Program Files (x86)\Microsoft Visual Studio 11.0\VC\include\limits.h
         Note: including file:        D:\Program Files (x86)\Microsoft Visual Studio 11.0\VC\include\crtdefs.h
         Note: including file:      D:\Program Files (x86)\Windows Kits\8.0\Include\um\unknwnbase.h
         Note: including file:      D:\Program Files (x86)\Windows Kits\8.0\Include\um\objidlbase.h
         Note: including file:      D:\Program Files (x86)\Windows Kits\8.0\Include\shared\guiddef.h
         Note: including file:      D:\Program Files (x86)\Windows Kits\8.0\Include\um\cguid.h
         Note: including file:      D:\Program Files (x86)\Windows Kits\8.0\Include\shared\poppack.h
         Note: including file:     D:\Program Files (x86)\Windows Kits\8.0\Include\um\objidl.h
         Note: including file:      d:\program files (x86)\windows kits\8.0\include\um\unknwn.h
         Note: including file:     D:\Program Files (x86)\Windows Kits\8.0\Include\um\urlmon.h
         Note: including file:      d:\program files (x86)\windows kits\8.0\include\um\oleidl.h
         Note: including file:      d:\program files (x86)\windows kits\8.0\include\um\servprov.h
         Note: including file:      d:\program files (x86)\windows kits\8.0\include\um\msxml.h
         Note: including file:       d:\program files (x86)\windows kits\8.0\include\um\oaidl.h
         Note: including file:     D:\Program Files (x86)\Windows Kits\8.0\Include\um\propidl.h
         Note: including file:     D:\Program Files (x86)\Windows Kits\8.0\Include\shared\poppack.h
         Note: including file:    D:\Program Files (x86)\Windows Kits\8.0\Include\um\oleauto.h
         Note: including file:     D:\Program Files (x86)\Windows Kits\8.0\Include\shared\pshpack8.h
         Note: including file:     D:\Program Files (x86)\Windows Kits\8.0\Include\shared\poppack.h
         Note: including file:    D:\Program Files (x86)\Windows Kits\8.0\Include\shared\poppack.h
         Note: including file:   D:\Program Files (x86)\Windows Kits\8.0\Include\um\commdlg.h
         Note: including file:    D:\Program Files (x86)\Windows Kits\8.0\Include\um\prsht.h
         Note: including file:    D:\Program Files (x86)\Windows Kits\8.0\Include\shared\pshpack1.h
         Note: including file:    D:\Program Files (x86)\Windows Kits\8.0\Include\shared\poppack.h
         Note: including file:   D:\Program Files (x86)\Windows Kits\8.0\Include\shared\stralign.h
         Note: including file:   D:\Program Files (x86)\Windows Kits\8.0\Include\um\winsvc.h
         Note: including file:   D:\Program Files (x86)\Windows Kits\8.0\Include\um\mcx.h
         Note: including file:   D:\Program Files (x86)\Windows Kits\8.0\Include\um\imm.h
         Note: including file:    D:\Program Files (x86)\Windows Kits\8.0\Include\um\ime_cmodes.h
         Note: including file:  d:\users\edu100\documents\github\t3dris\project1\SkeletonBasics.h
         Note: including file:   D:\Program Files\Microsoft SDKs\Kinect\v1.8\inc\NuiApi.h
         Note: including file:    D:\Program Files (x86)\Windows Kits\8.0\Include\shared\pshpack8.h
         Note: including file:    D:\Program Files\Microsoft SDKs\Kinect\v1.8\inc\NuiSensor.h
         Note: including file:     D:\Program Files (x86)\Windows Kits\8.0\Include\um\ocidl.h
         Note: including file:    D:\Program Files\Microsoft SDKs\Kinect\v1.8\inc\NuiImageCamera.h
         Note: including file:    D:\Program Files\Microsoft SDKs\Kinect\v1.8\inc\NuiSkeleton.h
         Note: including file:    D:\Program Files (x86)\Windows Kits\8.0\Include\shared\poppack.h
         Note: including file: D:\Program Files (x86)\Microsoft Visual Studio 11.0\VC\include\thread
         Note: including file:  D:\Program Files (x86)\Microsoft Visual Studio 11.0\VC\include\exception
         Note: including file:   D:\Program Files (x86)\Microsoft Visual Studio 11.0\VC\include\xstddef
         Note: including file:    D:\Program Files (x86)\Microsoft Visual Studio 11.0\VC\include\yvals.h
         Note: including file:     D:\Program Files (x86)\Microsoft Visual Studio 11.0\VC\include\xkeycheck.h
         Note: including file:     D:\Program Files (x86)\Microsoft Visual Studio 11.0\VC\include\crtdefs.h
         Note: including file:     D:\Program Files (x86)\Microsoft Visual Studio 11.0\VC\include\use_ansi.h
         Note: including file:    D:\Program Files (x86)\Microsoft Visual Studio 11.0\VC\include\xtr1common
         Note: including file:    D:\Program Files (x86)\Microsoft Visual Studio 11.0\VC\include\cstddef
         Note: including file:     D:\Program Files (x86)\Microsoft Visual Studio 11.0\VC\include\stddef.h
         Note: including file:      D:\Program Files (x86)\Microsoft Visual Studio 11.0\VC\include\crtdefs.h
         Note: including file:   D:\Program Files (x86)\Microsoft Visual Studio 11.0\VC\include\eh.h
         Note: including file:    D:\Program Files (x86)\Microsoft Visual Studio 11.0\VC\include\crtdefs.h
         Note: including file:   D:\Program Files (x86)\Microsoft Visual Studio 11.0\VC\include\malloc.h
         Note: including file:    D:\Program Files (x86)\Microsoft Visual Studio 11.0\VC\include\crtdefs.h
         Note: including file:  D:\Program Files (x86)\Microsoft Visual Studio 11.0\VC\include\iosfwd
         Note: including file:   D:\Program Files (x86)\Microsoft Visual Studio 11.0\VC\include\cstdio
         Note: including file:    D:\Program Files (x86)\Microsoft Visual Studio 11.0\VC\include\stdio.h
         Note: including file:     D:\Program Files (x86)\Microsoft Visual Studio 11.0\VC\include\crtdefs.h
         Note: including file:     D:\Program Files (x86)\Microsoft Visual Studio 11.0\VC\include\swprintf.inl
         Note: including file:   D:\Program Files (x86)\Microsoft Visual Studio 11.0\VC\include\cstring
         Note: including file:   D:\Program Files (x86)\Microsoft Visual Studio 11.0\VC\include\cwchar
         Note: including file:    D:\Program Files (x86)\Microsoft Visual Studio 11.0\VC\include\wchar.h
         Note: including file:     D:\Program Files (x86)\Microsoft Visual Studio 11.0\VC\include\crtdefs.h
         Note: including file:     D:\Program Files (x86)\Microsoft Visual Studio 11.0\VC\include\wtime.inl
         Note: including file:   D:\Program Files (x86)\Microsoft Visual Studio 11.0\VC\include\crtdbg.h
         Note: including file:    D:\Program Files (x86)\Microsoft Visual Studio 11.0\VC\include\crtdefs.h
         Note: including file:  D:\Program Files (x86)\Microsoft Visual Studio 11.0\VC\include\functional
         Note: including file:   D:\Program Files (x86)\Microsoft Visual Studio 11.0\VC\include\xfunctional
         Note: including file:    D:\Program Files (x86)\Microsoft Visual Studio 11.0\VC\include\cstdlib
         Note: including file:    D:\Program Files (x86)\Microsoft Visual Studio 11.0\VC\include\xstring
         Note: including file:     D:\Program Files (x86)\Microsoft Visual Studio 11.0\VC\include\xmemory0
         Note: including file:      D:\Program Files (x86)\Microsoft Visual Studio 11.0\VC\include\limits
         Note: including file:       D:\Program Files (x86)\Microsoft Visual Studio 11.0\VC\include\ymath.h
         Note: including file:       D:\Program Files (x86)\Microsoft Visual Studio 11.0\VC\include\cfloat
         Note: including file:        D:\Program Files (x86)\Microsoft Visual Studio 11.0\VC\include\float.h
         Note: including file:         D:\Program Files (x86)\Microsoft Visual Studio 11.0\VC\include\crtdefs.h
         Note: including file:         D:\Program Files (x86)\Microsoft Visual Studio 11.0\VC\include\crtwrn.h
         Note: including file:          D:\Program Files (x86)\Microsoft Visual Studio 11.0\VC\include\crtdefs.h
         Note: including file:       D:\Program Files (x86)\Microsoft Visual Studio 11.0\VC\include\climits
         Note: including file:       D:\Program Files (x86)\Microsoft Visual Studio 11.0\VC\include\cmath
         Note: including file:        D:\Program Files (x86)\Microsoft Visual Studio 11.0\VC\include\math.h
         Note: including file:         D:\Program Files (x86)\Microsoft Visual Studio 11.0\VC\include\crtdefs.h
         Note: including file:        D:\Program Files (x86)\Microsoft Visual Studio 11.0\VC\include\xtgmath.h
         Note: including file:      D:\Program Files (x86)\Microsoft Visual Studio 11.0\VC\include\new
         Note: including file:      D:\Program Files (x86)\Microsoft Visual Studio 11.0\VC\include\xutility
         Note: including file:       D:\Program Files (x86)\Microsoft Visual Studio 11.0\VC\include\utility
         Note: including file:        D:\Program Files (x86)\Microsoft Visual Studio 11.0\VC\include\type_traits
         Note: including file:         D:\Program Files (x86)\Microsoft Visual Studio 11.0\VC\include\xrefwrap
         Note: including file:      D:\Program Files (x86)\Microsoft Visual Studio 11.0\VC\include\xatomic0.h
         Note: including file:      D:\Program Files (x86)\Microsoft Visual Studio 11.0\VC\include\intrin.h
         Note: including file:       D:\Program Files (x86)\Microsoft Visual Studio 11.0\VC\include\crtdefs.h
         Note: including file:       D:\Program Files (x86)\Microsoft Visual Studio 11.0\VC\include\setjmp.h
         Note: including file:        D:\Program Files (x86)\Microsoft Visual Studio 11.0\VC\include\crtdefs.h
         Note: including file:       D:\Program Files (x86)\Microsoft Visual Studio 11.0\VC\include\immintrin.h
         Note: including file:        D:\Program Files (x86)\Microsoft Visual Studio 11.0\VC\include\wmmintrin.h
         Note: including file:         D:\Program Files (x86)\Microsoft Visual Studio 11.0\VC\include\nmmintrin.h
         Note: including file:          D:\Program Files (x86)\Microsoft Visual Studio 11.0\VC\include\smmintrin.h
         Note: including file:           D:\Program Files (x86)\Microsoft Visual Studio 11.0\VC\include\tmmintrin.h
         Note: including file:            D:\Program Files (x86)\Microsoft Visual Studio 11.0\VC\include\pmmintrin.h
         Note: including file:             D:\Program Files (x86)\Microsoft Visual Studio 11.0\VC\include\emmintrin.h
         Note: including file:              D:\Program Files (x86)\Microsoft Visual Studio 11.0\VC\include\xmmintrin.h
         Note: including file:               D:\Program Files (x86)\Microsoft Visual Studio 11.0\VC\include\mmintrin.h
         Note: including file:                D:\Program Files (x86)\Microsoft Visual Studio 11.0\VC\include\crtdefs.h
         Note: including file:       D:\Program Files (x86)\Microsoft Visual Studio 11.0\VC\include\ammintrin.h
         Note: including file:       D:\Program Files (x86)\Microsoft Visual Studio 11.0\VC\include\mm3dnow.h
         Note: including file:        D:\Program Files (x86)\Microsoft Visual Studio 11.0\VC\include\crtdefs.h
         Note: including file:        D:\Program Files (x86)\Microsoft Visual Studio 11.0\VC\include\mmintrin.h
         Note: including file:   D:\Program Files (x86)\Microsoft Visual Studio 11.0\VC\include\typeinfo
         Note: including file:   D:\Program Files (x86)\Microsoft Visual Studio 11.0\VC\include\tuple
         Note: including file:  D:\Program Files (x86)\Microsoft Visual Studio 11.0\VC\include\chrono
         Note: including file:   D:\Program Files (x86)\Microsoft Visual Studio 11.0\VC\include\ratio
         Note: including file:    D:\Program Files (x86)\Microsoft Visual Studio 11.0\VC\include\stdint.h
         Note: including file:     D:\Program Files (x86)\Microsoft Visual Studio 11.0\VC\include\crtdefs.h
         Note: including file:   D:\Program Files (x86)\Microsoft Visual Studio 11.0\VC\include\time.h
         Note: including file:    D:\Program Files (x86)\Microsoft Visual Studio 11.0\VC\include\crtdefs.h
         Note: including file:    D:\Program Files (x86)\Microsoft Visual Studio 11.0\VC\include\time.inl
         Note: including file:   D:\Program Files (x86)\Microsoft Visual Studio 11.0\VC\include\thr/xtimec.h
         Note: including file:    D:\Program Files (x86)\Microsoft Visual Studio 11.0\VC\include\thr/xthrcommon.h
         Note: including file:  D:\Program Files (x86)\Microsoft Visual Studio 11.0\VC\include\concrt.h
         Note: including file:   D:\Program Files (x86)\Microsoft Visual Studio 11.0\VC\include\crtdefs.h
         Note: including file:   D:\Program Files (x86)\Windows Kits\8.0\Include\shared\guiddef.h
         Note: including file:  D:\Program Files (x86)\Microsoft Visual Studio 11.0\VC\include\thr/xthread
         Note: including file:   D:\Program Files (x86)\Microsoft Visual Studio 11.0\VC\include\thr/xtime
         Note: including file:   D:\Program Files (x86)\Microsoft Visual Studio 11.0\VC\include\thr/xthreads.h
     1>d:\program files (x86)\microsoft visual studio 11.0\vc\include\functional(1152): error C2064: term does not evaluate to a function taking 1 arguments
                 d:\program files (x86)\microsoft visual studio 11.0\vc\include\functional(1152) : while compiling class template member function 'std::_Do_call_ret<_Forced,_Ret,_Funx,_Btuple,_Ftuple>::type std::_Bind<false,_Ret,_Fun,_V0_t,_V1_t,_V2_t,_V3_t,_V4_t,_V5_t,<unnamed-symbol>>::operator ()(void)'
                 with
                 [
                     _Forced=false,
                     _Ret=void,
                     _Funx=int,
                     _Btuple=std::tuple<KinectControl *>,
                     _Ftuple=std::tuple<>,
                     _Fun=int,
                     _V0_t=KinectControl *const ,
                     _V1_t=std::_Nil,
                     _V2_t=std::_Nil,
                     _V3_t=std::_Nil,
                     _V4_t=std::_Nil,
                     _V5_t=std::_Nil,
                     <unnamed-symbol>=std::_Nil
                 ]
                 d:\program files (x86)\microsoft visual studio 11.0\vc\include\thr\xthread(195) : see reference to function template instantiation 'std::_Do_call_ret<_Forced,_Ret,_Funx,_Btuple,_Ftuple>::type std::_Bind<false,_Ret,_Fun,_V0_t,_V1_t,_V2_t,_V3_t,_V4_t,_V5_t,<unnamed-symbol>>::operator ()(void)' being compiled
                 with
                 [
                     _Forced=false,
                     _Ret=void,
                     _Funx=int,
                     _Btuple=std::tuple<KinectControl *>,
                     _Ftuple=std::tuple<>,
                     _Fun=int,
                     _V0_t=KinectControl *const ,
                     _V1_t=std::_Nil,
                     _V2_t=std::_Nil,
                     _V3_t=std::_Nil,
                     _V4_t=std::_Nil,
                     _V5_t=std::_Nil,
                     <unnamed-symbol>=std::_Nil
                 ]
                 d:\program files (x86)\microsoft visual studio 11.0\vc\include\thread(52) : see reference to class template instantiation 'std::_Bind<_Forced,_Ret,_Fun,_V0_t,_V1_t,_V2_t,_V3_t,_V4_t,_V5_t,<unnamed-symbol>>' being compiled
                 with
                 [
                     _Forced=false,
                     _Ret=void,
                     _Fun=int,
                     _V0_t=KinectControl *const ,
                     _V1_t=std::_Nil,
                     _V2_t=std::_Nil,
                     _V3_t=std::_Nil,
                     _V4_t=std::_Nil,
                     _V5_t=std::_Nil,
                     <unnamed-symbol>=std::_Nil
                 ]
                 d:\users\edu100\documents\github\t3dris\project1\kinectcontrol.cpp(11) : see reference to function template instantiation 'std::thread::thread<int,KinectControl*const >(_Fn,_V0_t &&)' being compiled
                 with
                 [
                     _Fn=int,
                     _V0_t=KinectControl *const 
                 ]
     1>Done Building Project "D:\Users\edu100\Documents\GitHub\T3DRIS\Project1\Project1.vcxproj" (Build target(s)) -- FAILED.

Build FAILED.

Time Elapsed 00:00:01.19
