G:\PROJEKTI_T3DRIS\T3DRIS\DEBUG\TETENGINE.ILK
G:\PROJEKTI_T3DRIS\T3DRIS\DEBUG\TETENGINE.EXE
G:\PROJEKTI_T3DRIS\T3DRIS\DEBUG\TETENGINE.PDB
G:\PROJEKTI_T3DRIS\T3DRIS\PROJECT1\DEBUG\CAMERA.OBJ
G:\PROJEKTI_T3DRIS\T3DRIS\PROJECT1\DEBUG\ENGINEFILE.OBJ
G:\PROJEKTI_T3DRIS\T3DRIS\PROJECT1\DEBUG\GAME.OBJ
G:\PROJEKTI_T3DRIS\T3DRIS\PROJECT1\DEBUG\OBJECT.OBJ
G:\PROJEKTI_T3DRIS\T3DRIS\PROJECT1\DEBUG\RENDEROBJECT.OBJ
G:\PROJEKTI_T3DRIS\T3DRIS\PROJECT1\DEBUG\SHAPES.OBJ
G:\PROJEKTI_T3DRIS\T3DRIS\PROJECT1\DEBUG\MATH3D.OBJ
G:\PROJEKTI_T3DRIS\T3DRIS\PROJECT1\DEBUG\PIPELINE.OBJ
G:\PROJEKTI_T3DRIS\T3DRIS\PROJECT1\DEBUG\TEXTURE.OBJ
G:\PROJEKTI_T3DRIS\T3DRIS\PROJECT1\DEBUG\VC110.PDB
G:\Projekti_T3DRIS\T3DRIS\Project1\Debug\Game.obj
G:\Projekti_T3DRIS\T3DRIS\Project1\Debug\Object.obj
G:\Projekti_T3DRIS\T3DRIS\Project1\Debug\Shapes.obj
G:\Projekti_T3DRIS\T3DRIS\Project1\Debug\EngineFile.obj
G:\Projekti_T3DRIS\T3DRIS\Project1\Debug\RenderObject.obj
G:\Projekti_T3DRIS\T3DRIS\Project1\Debug\Camera.obj
G:\Projekti_T3DRIS\T3DRIS\Project1\Debug\math3d.obj
G:\Projekti_T3DRIS\T3DRIS\Project1\Debug\pipeline.obj
G:\Projekti_T3DRIS\T3DRIS\Project1\Debug\texture.obj
G:\Projekti_T3DRIS\T3DRIS\Project1\Debug\cl.command.1.tlog
G:\Projekti_T3DRIS\T3DRIS\Project1\Debug\link.1084-cvtres.write.1.tlog
G:\Projekti_T3DRIS\T3DRIS\Project1\Debug\link.1084.read.1.tlog
G:\Projekti_T3DRIS\T3DRIS\Project1\Debug\link-cvtres.read.1.tlog
G:\Projekti_T3DRIS\T3DRIS\Project1\Debug\link-cvtres.write.1.tlog
G:\Projekti_T3DRIS\T3DRIS\Project1\Debug\link-rc.read.1.tlog
G:\Projekti_T3DRIS\T3DRIS\Project1\Debug\link-rc.write.1.tlog
G:\Projekti_T3DRIS\T3DRIS\Project1\Debug\link.1244-cvtres.read.1.tlog
G:\Projekti_T3DRIS\T3DRIS\Project1\Debug\link.1244-cvtres.write.1.tlog
G:\Projekti_T3DRIS\T3DRIS\Project1\Debug\link.1244-rc.read.1.tlog
G:\Projekti_T3DRIS\T3DRIS\Project1\Debug\link.1244-rc.write.1.tlog
G:\Projekti_T3DRIS\T3DRIS\Project1\Debug\link.1244.read.1.tlog
G:\Projekti_T3DRIS\T3DRIS\Project1\Debug\link.1244.write.1.tlog
G:\Projekti_T3DRIS\T3DRIS\Project1\Debug\link.2404-cvtres.read.1.tlog
G:\Projekti_T3DRIS\T3DRIS\Project1\Debug\link.2404-cvtres.write.1.tlog
G:\Projekti_T3DRIS\T3DRIS\Project1\Debug\link.2404-rc.read.1.tlog
G:\Projekti_T3DRIS\T3DRIS\Project1\Debug\link.2404-rc.write.1.tlog
G:\Projekti_T3DRIS\T3DRIS\Project1\Debug\link.2404.read.1.tlog
G:\Projekti_T3DRIS\T3DRIS\Project1\Debug\link.2404.write.1.tlog
G:\Projekti_T3DRIS\T3DRIS\Project1\Debug\link.2600-cvtres.read.1.tlog
G:\Projekti_T3DRIS\T3DRIS\Project1\Debug\link.2600-cvtres.write.1.tlog
G:\Projekti_T3DRIS\T3DRIS\Project1\Debug\link.2600-rc.read.1.tlog
G:\Projekti_T3DRIS\T3DRIS\Project1\Debug\link.2600-rc.write.1.tlog
G:\Projekti_T3DRIS\T3DRIS\Project1\Debug\link.2600.read.1.tlog
G:\Projekti_T3DRIS\T3DRIS\Project1\Debug\link.2600.write.1.tlog
G:\Projekti_T3DRIS\T3DRIS\Project1\Debug\link.3104-cvtres.read.1.tlog
G:\Projekti_T3DRIS\T3DRIS\Project1\Debug\link.3104-cvtres.write.1.tlog
G:\Projekti_T3DRIS\T3DRIS\Project1\Debug\link.3104-rc.read.1.tlog
G:\Projekti_T3DRIS\T3DRIS\Project1\Debug\link.3104-rc.write.1.tlog
G:\Projekti_T3DRIS\T3DRIS\Project1\Debug\link.3104.read.1.tlog
G:\Projekti_T3DRIS\T3DRIS\Project1\Debug\link.3104.write.1.tlog
G:\Projekti_T3DRIS\T3DRIS\Project1\Debug\link.3232-cvtres.read.1.tlog
G:\Projekti_T3DRIS\T3DRIS\Project1\Debug\link.3232-cvtres.write.1.tlog
G:\Projekti_T3DRIS\T3DRIS\Project1\Debug\link.3232-rc.read.1.tlog
G:\Projekti_T3DRIS\T3DRIS\Project1\Debug\link.3232-rc.write.1.tlog
G:\Projekti_T3DRIS\T3DRIS\Project1\Debug\link.3232.read.1.tlog
G:\Projekti_T3DRIS\T3DRIS\Project1\Debug\link.3232.write.1.tlog
G:\Projekti_T3DRIS\T3DRIS\Project1\Debug\link.3504-cvtres.read.1.tlog
G:\Projekti_T3DRIS\T3DRIS\Project1\Debug\link.3504-cvtres.write.1.tlog
G:\Projekti_T3DRIS\T3DRIS\Project1\Debug\link.3504-rc.read.1.tlog
G:\Projekti_T3DRIS\T3DRIS\Project1\Debug\link.3504-rc.write.1.tlog
G:\Projekti_T3DRIS\T3DRIS\Project1\Debug\link.3504.read.1.tlog
G:\Projekti_T3DRIS\T3DRIS\Project1\Debug\link.3504.write.1.tlog
G:\Projekti_T3DRIS\T3DRIS\Project1\Debug\link.3840-cvtres.read.1.tlog
G:\Projekti_T3DRIS\T3DRIS\Project1\Debug\link.3840-cvtres.write.1.tlog
G:\Projekti_T3DRIS\T3DRIS\Project1\Debug\link.3840-rc.read.1.tlog
G:\Projekti_T3DRIS\T3DRIS\Project1\Debug\link.3840-rc.write.1.tlog
G:\Projekti_T3DRIS\T3DRIS\Project1\Debug\link.3840.read.1.tlog
G:\Projekti_T3DRIS\T3DRIS\Project1\Debug\link.3840.write.1.tlog
G:\Projekti_T3DRIS\T3DRIS\Project1\Debug\link.388-cvtres.read.1.tlog
G:\Projekti_T3DRIS\T3DRIS\Project1\Debug\link.388-cvtres.write.1.tlog
G:\Projekti_T3DRIS\T3DRIS\Project1\Debug\link.388-rc.read.1.tlog
G:\Projekti_T3DRIS\T3DRIS\Project1\Debug\link.388-rc.write.1.tlog
G:\Projekti_T3DRIS\T3DRIS\Project1\Debug\link.388.read.1.tlog
G:\Projekti_T3DRIS\T3DRIS\Project1\Debug\link.388.write.1.tlog
G:\Projekti_T3DRIS\T3DRIS\Project1\Debug\link.3960-cvtres.read.1.tlog
G:\Projekti_T3DRIS\T3DRIS\Project1\Debug\link.3960-cvtres.write.1.tlog
G:\Projekti_T3DRIS\T3DRIS\Project1\Debug\link.3960-rc.read.1.tlog
G:\Projekti_T3DRIS\T3DRIS\Project1\Debug\link.3960-rc.write.1.tlog
G:\Projekti_T3DRIS\T3DRIS\Project1\Debug\link.3960.read.1.tlog
G:\Projekti_T3DRIS\T3DRIS\Project1\Debug\link.3960.write.1.tlog
G:\Projekti_T3DRIS\T3DRIS\Project1\Debug\link.4068-cvtres.read.1.tlog
G:\Projekti_T3DRIS\T3DRIS\Project1\Debug\link.4068-cvtres.write.1.tlog
G:\Projekti_T3DRIS\T3DRIS\Project1\Debug\link.4068-rc.read.1.tlog
G:\Projekti_T3DRIS\T3DRIS\Project1\Debug\link.4068-rc.write.1.tlog
G:\Projekti_T3DRIS\T3DRIS\Project1\Debug\link.4068.read.1.tlog
G:\Projekti_T3DRIS\T3DRIS\Project1\Debug\link.4068.write.1.tlog
G:\Projekti_T3DRIS\T3DRIS\Project1\Debug\link.4220-cvtres.read.1.tlog
G:\Projekti_T3DRIS\T3DRIS\Project1\Debug\link.4220-cvtres.write.1.tlog
G:\Projekti_T3DRIS\T3DRIS\Project1\Debug\link.4220-rc.read.1.tlog
G:\Projekti_T3DRIS\T3DRIS\Project1\Debug\link.4220-rc.write.1.tlog
G:\Projekti_T3DRIS\T3DRIS\Project1\Debug\link.4220.read.1.tlog
G:\Projekti_T3DRIS\T3DRIS\Project1\Debug\link.4220.write.1.tlog
G:\Projekti_T3DRIS\T3DRIS\Project1\Debug\link.4572-cvtres.read.1.tlog
G:\Projekti_T3DRIS\T3DRIS\Project1\Debug\link.4572-cvtres.write.1.tlog
G:\Projekti_T3DRIS\T3DRIS\Project1\Debug\link.4572-rc.read.1.tlog
G:\Projekti_T3DRIS\T3DRIS\Project1\Debug\link.4572-rc.write.1.tlog
G:\Projekti_T3DRIS\T3DRIS\Project1\Debug\link.4572.read.1.tlog
G:\Projekti_T3DRIS\T3DRIS\Project1\Debug\link.4572.write.1.tlog
G:\Projekti_T3DRIS\T3DRIS\Project1\Debug\link.4732-cvtres.read.1.tlog
G:\Projekti_T3DRIS\T3DRIS\Project1\Debug\link.4732-cvtres.write.1.tlog
G:\Projekti_T3DRIS\T3DRIS\Project1\Debug\link.4732-rc.read.1.tlog
G:\Projekti_T3DRIS\T3DRIS\Project1\Debug\link.4732-rc.write.1.tlog
G:\Projekti_T3DRIS\T3DRIS\Project1\Debug\link.4732.read.1.tlog
G:\Projekti_T3DRIS\T3DRIS\Project1\Debug\link.4732.write.1.tlog
G:\Projekti_T3DRIS\T3DRIS\Project1\Debug\link.4912-cvtres.read.1.tlog
G:\Projekti_T3DRIS\T3DRIS\Project1\Debug\link.4912-cvtres.write.1.tlog
G:\Projekti_T3DRIS\T3DRIS\Project1\Debug\link.4912-rc.read.1.tlog
G:\Projekti_T3DRIS\T3DRIS\Project1\Debug\link.4912-rc.write.1.tlog
G:\Projekti_T3DRIS\T3DRIS\Project1\Debug\link.4912.read.1.tlog
G:\Projekti_T3DRIS\T3DRIS\Project1\Debug\link.4912.write.1.tlog
G:\Projekti_T3DRIS\T3DRIS\Project1\Debug\link.5108-cvtres.read.1.tlog
G:\Projekti_T3DRIS\T3DRIS\Project1\Debug\link.5108-cvtres.write.1.tlog
G:\Projekti_T3DRIS\T3DRIS\Project1\Debug\link.5108-rc.read.1.tlog
G:\Projekti_T3DRIS\T3DRIS\Project1\Debug\link.5108-rc.write.1.tlog
G:\Projekti_T3DRIS\T3DRIS\Project1\Debug\link.5108.read.1.tlog
G:\Projekti_T3DRIS\T3DRIS\Project1\Debug\link.5108.write.1.tlog
G:\Projekti_T3DRIS\T3DRIS\Project1\Debug\link.5360-cvtres.read.1.tlog
G:\Projekti_T3DRIS\T3DRIS\Project1\Debug\link.5360-cvtres.write.1.tlog
G:\Projekti_T3DRIS\T3DRIS\Project1\Debug\link.5360-rc.read.1.tlog
G:\Projekti_T3DRIS\T3DRIS\Project1\Debug\link.5360-rc.write.1.tlog
G:\Projekti_T3DRIS\T3DRIS\Project1\Debug\link.5360.read.1.tlog
G:\Projekti_T3DRIS\T3DRIS\Project1\Debug\link.5360.write.1.tlog
G:\Projekti_T3DRIS\T3DRIS\Project1\Debug\link.5580-cvtres.read.1.tlog
G:\Projekti_T3DRIS\T3DRIS\Project1\Debug\link.5580-cvtres.write.1.tlog
G:\Projekti_T3DRIS\T3DRIS\Project1\Debug\link.5580-rc.read.1.tlog
G:\Projekti_T3DRIS\T3DRIS\Project1\Debug\link.5580-rc.write.1.tlog
G:\Projekti_T3DRIS\T3DRIS\Project1\Debug\link.5580.read.1.tlog
G:\Projekti_T3DRIS\T3DRIS\Project1\Debug\link.5580.write.1.tlog
G:\Projekti_T3DRIS\T3DRIS\Project1\Debug\link.5900-cvtres.read.1.tlog
G:\Projekti_T3DRIS\T3DRIS\Project1\Debug\link.5900-cvtres.write.1.tlog
G:\Projekti_T3DRIS\T3DRIS\Project1\Debug\link.5900-rc.read.1.tlog
G:\Projekti_T3DRIS\T3DRIS\Project1\Debug\link.5900-rc.write.1.tlog
G:\Projekti_T3DRIS\T3DRIS\Project1\Debug\link.5900.read.1.tlog
G:\Projekti_T3DRIS\T3DRIS\Project1\Debug\link.5900.write.1.tlog
G:\Projekti_T3DRIS\T3DRIS\Project1\Debug\link.5988-cvtres.read.1.tlog
G:\Projekti_T3DRIS\T3DRIS\Project1\Debug\link.5988-cvtres.write.1.tlog
G:\Projekti_T3DRIS\T3DRIS\Project1\Debug\link.5988-rc.read.1.tlog
G:\Projekti_T3DRIS\T3DRIS\Project1\Debug\link.5988-rc.write.1.tlog
G:\Projekti_T3DRIS\T3DRIS\Project1\Debug\link.5988.read.1.tlog
G:\Projekti_T3DRIS\T3DRIS\Project1\Debug\link.5988.write.1.tlog
G:\Projekti_T3DRIS\T3DRIS\Project1\Debug\link.5996-cvtres.read.1.tlog
G:\Projekti_T3DRIS\T3DRIS\Project1\Debug\link.5996-cvtres.write.1.tlog
G:\Projekti_T3DRIS\T3DRIS\Project1\Debug\link.5996-rc.read.1.tlog
G:\Projekti_T3DRIS\T3DRIS\Project1\Debug\link.5996-rc.write.1.tlog
G:\Projekti_T3DRIS\T3DRIS\Project1\Debug\link.5996.read.1.tlog
G:\Projekti_T3DRIS\T3DRIS\Project1\Debug\link.5996.write.1.tlog
G:\Projekti_T3DRIS\T3DRIS\Project1\Debug\link.6040-cvtres.read.1.tlog
G:\Projekti_T3DRIS\T3DRIS\Project1\Debug\link.6040-cvtres.write.1.tlog
G:\Projekti_T3DRIS\T3DRIS\Project1\Debug\link.6040-rc.read.1.tlog
G:\Projekti_T3DRIS\T3DRIS\Project1\Debug\link.6040-rc.write.1.tlog
G:\Projekti_T3DRIS\T3DRIS\Project1\Debug\link.6040.read.1.tlog
G:\Projekti_T3DRIS\T3DRIS\Project1\Debug\link.6040.write.1.tlog
G:\Projekti_T3DRIS\T3DRIS\Project1\Debug\link.6472-cvtres.read.1.tlog
G:\Projekti_T3DRIS\T3DRIS\Project1\Debug\link.6472-cvtres.write.1.tlog
G:\Projekti_T3DRIS\T3DRIS\Project1\Debug\link.6472-rc.read.1.tlog
G:\Projekti_T3DRIS\T3DRIS\Project1\Debug\link.6472-rc.write.1.tlog
G:\Projekti_T3DRIS\T3DRIS\Project1\Debug\link.6472.read.1.tlog
G:\Projekti_T3DRIS\T3DRIS\Project1\Debug\link.6472.write.1.tlog
G:\Projekti_T3DRIS\T3DRIS\Project1\Debug\link.6660-cvtres.read.1.tlog
G:\Projekti_T3DRIS\T3DRIS\Project1\Debug\link.6660-cvtres.write.1.tlog
G:\Projekti_T3DRIS\T3DRIS\Project1\Debug\link.6660-rc.read.1.tlog
G:\Projekti_T3DRIS\T3DRIS\Project1\Debug\link.6660-rc.write.1.tlog
G:\Projekti_T3DRIS\T3DRIS\Project1\Debug\link.6660.read.1.tlog
G:\Projekti_T3DRIS\T3DRIS\Project1\Debug\link.6660.write.1.tlog
G:\Projekti_T3DRIS\T3DRIS\Project1\Debug\link.6940-cvtres.read.1.tlog
G:\Projekti_T3DRIS\T3DRIS\Project1\Debug\link.6940-cvtres.write.1.tlog
G:\Projekti_T3DRIS\T3DRIS\Project1\Debug\link.6940-rc.read.1.tlog
G:\Projekti_T3DRIS\T3DRIS\Project1\Debug\link.6940-rc.write.1.tlog
G:\Projekti_T3DRIS\T3DRIS\Project1\Debug\link.6940.read.1.tlog
G:\Projekti_T3DRIS\T3DRIS\Project1\Debug\link.6940.write.1.tlog
G:\Projekti_T3DRIS\T3DRIS\Project1\Debug\link.696-cvtres.read.1.tlog
G:\Projekti_T3DRIS\T3DRIS\Project1\Debug\link.696-cvtres.write.1.tlog
G:\Projekti_T3DRIS\T3DRIS\Project1\Debug\link.696-rc.read.1.tlog
G:\Projekti_T3DRIS\T3DRIS\Project1\Debug\link.696-rc.write.1.tlog
G:\Projekti_T3DRIS\T3DRIS\Project1\Debug\link.696.read.1.tlog
G:\Projekti_T3DRIS\T3DRIS\Project1\Debug\link.696.write.1.tlog
G:\Projekti_T3DRIS\T3DRIS\Project1\Debug\link.8176-cvtres.read.1.tlog
G:\Projekti_T3DRIS\T3DRIS\Project1\Debug\link.8176-cvtres.write.1.tlog
G:\Projekti_T3DRIS\T3DRIS\Project1\Debug\link.8176-rc.read.1.tlog
G:\Projekti_T3DRIS\T3DRIS\Project1\Debug\link.8176-rc.write.1.tlog
G:\Projekti_T3DRIS\T3DRIS\Project1\Debug\link.8176.read.1.tlog
G:\Projekti_T3DRIS\T3DRIS\Project1\Debug\link.8176.write.1.tlog
G:\Projekti_T3DRIS\T3DRIS\Project1\Debug\link.8412-cvtres.read.1.tlog
G:\Projekti_T3DRIS\T3DRIS\Project1\Debug\link.8412-cvtres.write.1.tlog
G:\Projekti_T3DRIS\T3DRIS\Project1\Debug\link.8412-rc.read.1.tlog
G:\Projekti_T3DRIS\T3DRIS\Project1\Debug\link.8412-rc.write.1.tlog
G:\Projekti_T3DRIS\T3DRIS\Project1\Debug\link.8412.read.1.tlog
G:\Projekti_T3DRIS\T3DRIS\Project1\Debug\link.8412.write.1.tlog
G:\Projekti_T3DRIS\T3DRIS\Project1\Debug\link.8552-cvtres.read.1.tlog
G:\Projekti_T3DRIS\T3DRIS\Project1\Debug\link.8552-cvtres.write.1.tlog
G:\Projekti_T3DRIS\T3DRIS\Project1\Debug\link.8552-rc.read.1.tlog
G:\Projekti_T3DRIS\T3DRIS\Project1\Debug\link.8552-rc.write.1.tlog
G:\Projekti_T3DRIS\T3DRIS\Project1\Debug\link.8552.read.1.tlog
G:\Projekti_T3DRIS\T3DRIS\Project1\Debug\link.8552.write.1.tlog
G:\Projekti_T3DRIS\T3DRIS\Project1\Debug\link.920-cvtres.read.1.tlog
G:\Projekti_T3DRIS\T3DRIS\Project1\Debug\link.920-cvtres.write.1.tlog
G:\Projekti_T3DRIS\T3DRIS\Project1\Debug\link.920-rc.read.1.tlog
G:\Projekti_T3DRIS\T3DRIS\Project1\Debug\link.920-rc.write.1.tlog
G:\Projekti_T3DRIS\T3DRIS\Project1\Debug\link.920.read.1.tlog
G:\Projekti_T3DRIS\T3DRIS\Project1\Debug\link.920.write.1.tlog
G:\Projekti_T3DRIS\T3DRIS\Project1\Debug\link.928-cvtres.read.1.tlog
G:\Projekti_T3DRIS\T3DRIS\Project1\Debug\link.928-cvtres.write.1.tlog
G:\Projekti_T3DRIS\T3DRIS\Project1\Debug\link.928-rc.read.1.tlog
G:\Projekti_T3DRIS\T3DRIS\Project1\Debug\link.928-rc.write.1.tlog
G:\Projekti_T3DRIS\T3DRIS\Project1\Debug\link.928.read.1.tlog
G:\Projekti_T3DRIS\T3DRIS\Project1\Debug\link.928.write.1.tlog
G:\Projekti_T3DRIS\T3DRIS\Project1\Debug\link.command.1.tlog
G:\Projekti_T3DRIS\T3DRIS\Project1\Debug\link.1084.write.1.tlog
G:\Projekti_T3DRIS\T3DRIS\Project1\Debug\link.420-rc.read.1.tlog
G:\Projekti_T3DRIS\T3DRIS\Project1\Debug\link.420-rc.write.1.tlog
G:\Projekti_T3DRIS\T3DRIS\Project1\Debug\link.420-cvtres.read.1.tlog
G:\Projekti_T3DRIS\T3DRIS\Project1\Debug\link.420-cvtres.write.1.tlog
G:\Projekti_T3DRIS\T3DRIS\Project1\Debug\link.420.read.1.tlog
G:\Projekti_T3DRIS\T3DRIS\Project1\Debug\link.420.write.1.tlog
G:\Projekti_T3DRIS\T3DRIS\Project1\Debug\link.5712-rc.read.1.tlog
G:\Projekti_T3DRIS\T3DRIS\Project1\Debug\link.5712-rc.write.1.tlog
G:\Projekti_T3DRIS\T3DRIS\Project1\Debug\link.5712-cvtres.read.1.tlog
G:\Projekti_T3DRIS\T3DRIS\Project1\Debug\link.5712-cvtres.write.1.tlog
G:\Projekti_T3DRIS\T3DRIS\Project1\Debug\link.5712.read.1.tlog
G:\Projekti_T3DRIS\T3DRIS\Project1\Debug\link.5712.write.1.tlog
G:\Projekti_T3DRIS\T3DRIS\Project1\Debug\link.5916-rc.read.1.tlog
G:\Projekti_T3DRIS\T3DRIS\Project1\Debug\link.5916-rc.write.1.tlog
G:\Projekti_T3DRIS\T3DRIS\Project1\Debug\link.5916-cvtres.read.1.tlog
G:\Projekti_T3DRIS\T3DRIS\Project1\Debug\link.5916-cvtres.write.1.tlog
G:\Projekti_T3DRIS\T3DRIS\Project1\Debug\link.5916.read.1.tlog
G:\Projekti_T3DRIS\T3DRIS\Project1\Debug\link.5916.write.1.tlog
G:\Projekti_T3DRIS\T3DRIS\Project1\Debug\link.4288-rc.read.1.tlog
G:\Projekti_T3DRIS\T3DRIS\Project1\Debug\link.4288-rc.write.1.tlog
G:\Projekti_T3DRIS\T3DRIS\Project1\Debug\link.4288-cvtres.read.1.tlog
G:\Projekti_T3DRIS\T3DRIS\Project1\Debug\link.4288-cvtres.write.1.tlog
G:\Projekti_T3DRIS\T3DRIS\Project1\Debug\link.4288.read.1.tlog
G:\Projekti_T3DRIS\T3DRIS\Project1\Debug\link.4288.write.1.tlog
G:\Projekti_T3DRIS\T3DRIS\Project1\Debug\link.3200-rc.read.1.tlog
G:\Projekti_T3DRIS\T3DRIS\Project1\Debug\link.3200-rc.write.1.tlog
G:\Projekti_T3DRIS\T3DRIS\Project1\Debug\link.3200-cvtres.read.1.tlog
G:\Projekti_T3DRIS\T3DRIS\Project1\Debug\link.3200-cvtres.write.1.tlog
G:\Projekti_T3DRIS\T3DRIS\Project1\Debug\link.3200.read.1.tlog
G:\Projekti_T3DRIS\T3DRIS\Project1\Debug\link.3200.write.1.tlog
G:\Projekti_T3DRIS\T3DRIS\Project1\Debug\link.3596-rc.read.1.tlog
G:\Projekti_T3DRIS\T3DRIS\Project1\Debug\link.3596-rc.write.1.tlog
G:\Projekti_T3DRIS\T3DRIS\Project1\Debug\link.3596-cvtres.read.1.tlog
G:\Projekti_T3DRIS\T3DRIS\Project1\Debug\link.3596-cvtres.write.1.tlog
G:\Projekti_T3DRIS\T3DRIS\Project1\Debug\link.3596.read.1.tlog
G:\Projekti_T3DRIS\T3DRIS\Project1\Debug\link.3596.write.1.tlog
G:\Projekti_T3DRIS\T3DRIS\Project1\Debug\link.1188-rc.read.1.tlog
G:\Projekti_T3DRIS\T3DRIS\Project1\Debug\link.5724-rc.read.1.tlog
G:\Projekti_T3DRIS\T3DRIS\Project1\Debug\link.5724-rc.write.1.tlog
G:\Projekti_T3DRIS\T3DRIS\Project1\Debug\link.5724-cvtres.read.1.tlog
G:\Projekti_T3DRIS\T3DRIS\Project1\Debug\link.5724-cvtres.write.1.tlog
G:\Projekti_T3DRIS\T3DRIS\Project1\Debug\link.5724.read.1.tlog
G:\Projekti_T3DRIS\T3DRIS\Project1\Debug\link.5724.write.1.tlog
G:\Projekti_T3DRIS\T3DRIS\Project1\Debug\link.1188-rc.write.1.tlog
G:\Projekti_T3DRIS\T3DRIS\Project1\Debug\link.1188-cvtres.read.1.tlog
G:\Projekti_T3DRIS\T3DRIS\Project1\Debug\link.1188-cvtres.write.1.tlog
G:\Projekti_T3DRIS\T3DRIS\Project1\Debug\link.1188.read.1.tlog
G:\Projekti_T3DRIS\T3DRIS\Project1\Debug\link.1188.write.1.tlog
G:\Projekti_T3DRIS\T3DRIS\Project1\Debug\link.4512-rc.read.1.tlog
G:\Projekti_T3DRIS\T3DRIS\Project1\Debug\link.4512-rc.write.1.tlog
G:\Projekti_T3DRIS\T3DRIS\Project1\Debug\link.4512-cvtres.read.1.tlog
G:\Projekti_T3DRIS\T3DRIS\Project1\Debug\link.4512-cvtres.write.1.tlog
G:\Projekti_T3DRIS\T3DRIS\Project1\Debug\link.4512.read.1.tlog
G:\Projekti_T3DRIS\T3DRIS\Project1\Debug\link.4512.write.1.tlog
G:\Projekti_T3DRIS\T3DRIS\Project1\Debug\link.208-rc.read.1.tlog
G:\Projekti_T3DRIS\T3DRIS\Project1\Debug\link.208-rc.write.1.tlog
G:\Projekti_T3DRIS\T3DRIS\Project1\Debug\link.208-cvtres.read.1.tlog
G:\Projekti_T3DRIS\T3DRIS\Project1\Debug\link.208-cvtres.write.1.tlog
G:\Projekti_T3DRIS\T3DRIS\Project1\Debug\link.208.read.1.tlog
G:\Projekti_T3DRIS\T3DRIS\Project1\Debug\link.208.write.1.tlog
G:\Projekti_T3DRIS\T3DRIS\Project1\Debug\link.4340-rc.read.1.tlog
G:\Projekti_T3DRIS\T3DRIS\Project1\Debug\link.4340-rc.write.1.tlog
G:\Projekti_T3DRIS\T3DRIS\Project1\Debug\link.4340-cvtres.read.1.tlog
G:\Projekti_T3DRIS\T3DRIS\Project1\Debug\link.4248-rc.read.1.tlog
G:\Projekti_T3DRIS\T3DRIS\Project1\Debug\link.4248-rc.write.1.tlog
G:\Projekti_T3DRIS\T3DRIS\Project1\Debug\link.4248-cvtres.read.1.tlog
G:\Projekti_T3DRIS\T3DRIS\Project1\Debug\link.4248-cvtres.write.1.tlog
G:\Projekti_T3DRIS\T3DRIS\Project1\Debug\link.4248.read.1.tlog
G:\Projekti_T3DRIS\T3DRIS\Project1\Debug\link.4248.write.1.tlog
G:\Projekti_T3DRIS\T3DRIS\Project1\Debug\link.4340-cvtres.write.1.tlog
G:\Projekti_T3DRIS\T3DRIS\Project1\Debug\link.4340.read.1.tlog
G:\Projekti_T3DRIS\T3DRIS\Project1\Debug\link.4340.write.1.tlog
G:\Projekti_T3DRIS\T3DRIS\Project1\Debug\link.3448-rc.read.1.tlog
G:\Projekti_T3DRIS\T3DRIS\Project1\Debug\link.3448-rc.write.1.tlog
G:\Projekti_T3DRIS\T3DRIS\Project1\Debug\link.3448-cvtres.read.1.tlog
G:\Projekti_T3DRIS\T3DRIS\Project1\Debug\link.3448-cvtres.write.1.tlog
G:\Projekti_T3DRIS\T3DRIS\Project1\Debug\link.3448.read.1.tlog
G:\Projekti_T3DRIS\T3DRIS\Project1\Debug\link.2356-rc.read.1.tlog
G:\Projekti_T3DRIS\T3DRIS\Project1\Debug\link.2356-rc.write.1.tlog
G:\Projekti_T3DRIS\T3DRIS\Project1\Debug\link.2356-cvtres.read.1.tlog
G:\Projekti_T3DRIS\T3DRIS\Project1\Debug\link.2356-cvtres.write.1.tlog
G:\Projekti_T3DRIS\T3DRIS\Project1\Debug\link.2356.read.1.tlog
G:\Projekti_T3DRIS\T3DRIS\Project1\Debug\link.2356.write.1.tlog
G:\Projekti_T3DRIS\T3DRIS\Project1\Debug\link.3448.write.1.tlog
G:\Projekti_T3DRIS\T3DRIS\Project1\Debug\link.4300-rc.read.1.tlog
G:\Projekti_T3DRIS\T3DRIS\Project1\Debug\link.4300-rc.write.1.tlog
G:\Projekti_T3DRIS\T3DRIS\Project1\Debug\link.4172-rc.read.1.tlog
G:\Projekti_T3DRIS\T3DRIS\Project1\Debug\link.4172-rc.write.1.tlog
G:\Projekti_T3DRIS\T3DRIS\Project1\Debug\link.4172-cvtres.read.1.tlog
G:\Projekti_T3DRIS\T3DRIS\Project1\Debug\link.4172-cvtres.write.1.tlog
G:\Projekti_T3DRIS\T3DRIS\Project1\Debug\link.4172.read.1.tlog
G:\Projekti_T3DRIS\T3DRIS\Project1\Debug\link.4172.write.1.tlog
G:\Projekti_T3DRIS\T3DRIS\Project1\Debug\link.4300-cvtres.read.1.tlog
G:\Projekti_T3DRIS\T3DRIS\Project1\Debug\link.4300-cvtres.write.1.tlog
G:\Projekti_T3DRIS\T3DRIS\Project1\Debug\link.4300.read.1.tlog
G:\Projekti_T3DRIS\T3DRIS\Project1\Debug\link.4300.write.1.tlog
G:\Projekti_T3DRIS\T3DRIS\Project1\Debug\link.4480-rc.read.1.tlog
G:\Projekti_T3DRIS\T3DRIS\Project1\Debug\link.4480-rc.write.1.tlog
G:\Projekti_T3DRIS\T3DRIS\Project1\Debug\link.4480-cvtres.read.1.tlog
G:\Projekti_T3DRIS\T3DRIS\Project1\Debug\link.1084-rc.read.1.tlog
G:\Projekti_T3DRIS\T3DRIS\Project1\Debug\link.1084-rc.write.1.tlog
G:\Projekti_T3DRIS\T3DRIS\Project1\Debug\link.1084-cvtres.read.1.tlog
G:\Projekti_T3DRIS\T3DRIS\Project1\Debug\link.4480-cvtres.write.1.tlog
G:\Projekti_T3DRIS\T3DRIS\Project1\Debug\link.4480.read.1.tlog
G:\Projekti_T3DRIS\T3DRIS\Project1\Debug\link.4480.write.1.tlog
G:\Projekti_T3DRIS\T3DRIS\Project1\Debug\link.1600-rc.read.1.tlog
G:\Projekti_T3DRIS\T3DRIS\Project1\Debug\link.1600-rc.write.1.tlog
G:\Projekti_T3DRIS\T3DRIS\Project1\Debug\link.1600-cvtres.read.1.tlog
G:\Projekti_T3DRIS\T3DRIS\Project1\Debug\link.1600-cvtres.write.1.tlog
G:\Projekti_T3DRIS\T3DRIS\Project1\Debug\link.1600.read.1.tlog
G:\Projekti_T3DRIS\T3DRIS\Project1\Debug\link.1600.write.1.tlog
G:\Projekti_T3DRIS\T3DRIS\Project1\Debug\link.3548-rc.read.1.tlog
G:\Projekti_T3DRIS\T3DRIS\Project1\Debug\link.3548-rc.write.1.tlog
G:\Projekti_T3DRIS\T3DRIS\Project1\Debug\link.3548-cvtres.read.1.tlog
G:\Projekti_T3DRIS\T3DRIS\Project1\Debug\link.3548-cvtres.write.1.tlog
G:\Projekti_T3DRIS\T3DRIS\Project1\Debug\link.3548.read.1.tlog
G:\Projekti_T3DRIS\T3DRIS\Project1\Debug\link.3548.write.1.tlog
G:\Projekti_T3DRIS\T3DRIS\Project1\Debug\link.6112-rc.read.1.tlog
G:\Projekti_T3DRIS\T3DRIS\Project1\Debug\link.6112-rc.write.1.tlog
G:\Projekti_T3DRIS\T3DRIS\Project1\Debug\link.6112-cvtres.read.1.tlog
G:\Projekti_T3DRIS\T3DRIS\Project1\Debug\link.6112-cvtres.write.1.tlog
G:\Projekti_T3DRIS\T3DRIS\Project1\Debug\link.6112.read.1.tlog
G:\Projekti_T3DRIS\T3DRIS\Project1\Debug\link.6112.write.1.tlog
G:\Projekti_T3DRIS\T3DRIS\Project1\Debug\link.756-rc.read.1.tlog
G:\Projekti_T3DRIS\T3DRIS\Project1\Debug\link.756-rc.write.1.tlog
G:\Projekti_T3DRIS\T3DRIS\Project1\Debug\link.756-cvtres.read.1.tlog
G:\Projekti_T3DRIS\T3DRIS\Project1\Debug\link.756-cvtres.write.1.tlog
G:\Projekti_T3DRIS\T3DRIS\Project1\Debug\link.756.read.1.tlog
G:\Projekti_T3DRIS\T3DRIS\Project1\Debug\link.756.write.1.tlog
G:\Projekti_T3DRIS\T3DRIS\Project1\Debug\link.4044-rc.read.1.tlog
G:\Projekti_T3DRIS\T3DRIS\Project1\Debug\link.4044-rc.write.1.tlog
G:\Projekti_T3DRIS\T3DRIS\Project1\Debug\link.4044-cvtres.read.1.tlog
G:\Projekti_T3DRIS\T3DRIS\Project1\Debug\link.4044-cvtres.write.1.tlog
G:\Projekti_T3DRIS\T3DRIS\Project1\Debug\link.4044.read.1.tlog
G:\Projekti_T3DRIS\T3DRIS\Project1\Debug\link.4044.write.1.tlog
G:\Projekti_T3DRIS\T3DRIS\Project1\Debug\link.5692-rc.read.1.tlog
G:\Projekti_T3DRIS\T3DRIS\Project1\Debug\link.5692-rc.write.1.tlog
G:\Projekti_T3DRIS\T3DRIS\Project1\Debug\link.5692-cvtres.read.1.tlog
G:\Projekti_T3DRIS\T3DRIS\Project1\Debug\link.5692-cvtres.write.1.tlog
G:\Projekti_T3DRIS\T3DRIS\Project1\Debug\link.5692.read.1.tlog
G:\Projekti_T3DRIS\T3DRIS\Project1\Debug\link.5692.write.1.tlog
G:\Projekti_T3DRIS\T3DRIS\Project1\Debug\link.2960-rc.read.1.tlog
G:\Projekti_T3DRIS\T3DRIS\Project1\Debug\link.2960-rc.write.1.tlog
G:\Projekti_T3DRIS\T3DRIS\Project1\Debug\link.2960-cvtres.read.1.tlog
G:\Projekti_T3DRIS\T3DRIS\Project1\Debug\link.2960-cvtres.write.1.tlog
G:\Projekti_T3DRIS\T3DRIS\Project1\Debug\link.2960.read.1.tlog
G:\Projekti_T3DRIS\T3DRIS\Project1\Debug\link.2960.write.1.tlog
G:\Projekti_T3DRIS\T3DRIS\Project1\Debug\link.464-rc.read.1.tlog
G:\Projekti_T3DRIS\T3DRIS\Project1\Debug\link.464-rc.write.1.tlog
G:\Projekti_T3DRIS\T3DRIS\Project1\Debug\link.464-cvtres.read.1.tlog
G:\Projekti_T3DRIS\T3DRIS\Project1\Debug\link.464-cvtres.write.1.tlog
G:\Projekti_T3DRIS\T3DRIS\Project1\Debug\link.464.read.1.tlog
G:\Projekti_T3DRIS\T3DRIS\Project1\Debug\link.464.write.1.tlog
G:\Projekti_T3DRIS\T3DRIS\Project1\Debug\link.4296-rc.read.1.tlog
G:\Projekti_T3DRIS\T3DRIS\Project1\Debug\link.4296-rc.write.1.tlog
G:\Projekti_T3DRIS\T3DRIS\Project1\Debug\link.4296-cvtres.read.1.tlog
G:\Projekti_T3DRIS\T3DRIS\Project1\Debug\link.4296-cvtres.write.1.tlog
G:\Projekti_T3DRIS\T3DRIS\Project1\Debug\link.4296.read.1.tlog
G:\Projekti_T3DRIS\T3DRIS\Project1\Debug\link.4296.write.1.tlog
G:\Projekti_T3DRIS\T3DRIS\Project1\Debug\link.4492-rc.read.1.tlog
G:\Projekti_T3DRIS\T3DRIS\Project1\Debug\link.4492-rc.write.1.tlog
G:\Projekti_T3DRIS\T3DRIS\Project1\Debug\link.4492-cvtres.read.1.tlog
G:\Projekti_T3DRIS\T3DRIS\Project1\Debug\link.4492-cvtres.write.1.tlog
G:\Projekti_T3DRIS\T3DRIS\Project1\Debug\link.4492.read.1.tlog
G:\Projekti_T3DRIS\T3DRIS\Project1\Debug\link.4492.write.1.tlog
G:\Projekti_T3DRIS\T3DRIS\Project1\Debug\link.1052-rc.read.1.tlog
G:\Projekti_T3DRIS\T3DRIS\Project1\Debug\link.1052-rc.write.1.tlog
G:\Projekti_T3DRIS\T3DRIS\Project1\Debug\link.1052-cvtres.read.1.tlog
G:\Projekti_T3DRIS\T3DRIS\Project1\Debug\link.1052-cvtres.write.1.tlog
G:\Projekti_T3DRIS\T3DRIS\Project1\Debug\link.1052.read.1.tlog
G:\Projekti_T3DRIS\T3DRIS\Project1\Debug\link.1052.write.1.tlog
G:\Projekti_T3DRIS\T3DRIS\Project1\Debug\link.1468-rc.read.1.tlog
G:\Projekti_T3DRIS\T3DRIS\Project1\Debug\link.1468-rc.write.1.tlog
G:\Projekti_T3DRIS\T3DRIS\Project1\Debug\link.1468-cvtres.read.1.tlog
G:\Projekti_T3DRIS\T3DRIS\Project1\Debug\link.1468-cvtres.write.1.tlog
G:\Projekti_T3DRIS\T3DRIS\Project1\Debug\link.1468.read.1.tlog
G:\Projekti_T3DRIS\T3DRIS\Project1\Debug\link.1468.write.1.tlog
G:\Projekti_T3DRIS\T3DRIS\Project1\Debug\link.1608-rc.read.1.tlog
G:\Projekti_T3DRIS\T3DRIS\Project1\Debug\link.1608-rc.write.1.tlog
G:\Projekti_T3DRIS\T3DRIS\Project1\Debug\link.1608-cvtres.read.1.tlog
G:\Projekti_T3DRIS\T3DRIS\Project1\Debug\link.1608-cvtres.write.1.tlog
G:\Projekti_T3DRIS\T3DRIS\Project1\Debug\link.1608.read.1.tlog
G:\Projekti_T3DRIS\T3DRIS\Project1\Debug\link.1608.write.1.tlog
G:\Projekti_T3DRIS\T3DRIS\Project1\Debug\CL.read.1.tlog
G:\Projekti_T3DRIS\T3DRIS\Project1\Debug\link.read.1.tlog
G:\Projekti_T3DRIS\T3DRIS\Project1\Debug\link.write.1.tlog
G:\Projekti_T3DRIS\T3DRIS\Project1\Debug\CL.write.1.tlog
G:\Projekti_T3DRIS\T3DRIS\Project1\Debug\vc110.idb
G:\Projekti_T3DRIS\T3DRIS\Project1\Debug\vc110.pdb
G:\Projekti_T3DRIS\T3DRIS\Debug\TETEngine.pdb
G:\Projekti_T3DRIS\T3DRIS\Debug\TETEngine.exe
G:\Projekti_T3DRIS\T3DRIS\Debug\TETEngine.ilk
